# JRE version: OpenJDK Runtime Environment Temurin-17.0.2+8 (17.0.2+8) (build 17.0.2+8)
# Java VM: OpenJDK 64-Bit Server VM Temurin-17.0.2+8 (17.0.2+8, mixed mode, tiered, compressed oops, compressed class ptrs, g1 gc, windows-amd64)
GC Precious Log:
 CPUs: 4 total, 4 available
 Memory: 3914M
 Large Page Support: Disabled
 NUMA Support: Disabled
 Compressed Oops: Enabled (Zero based)
 Heap Region Size: 2M
 Heap Min Capacity: 8M
 Heap Initial Capacity: 62M
 Heap Max Capacity: 4G
 Pre-touch: Disabled
 Parallel Workers: 4
 Concurrent Workers: 1
 Concurrent Refinement Workers: 4
 Periodic GC: Disabled
Heap:
 garbage-first heap   total 208896K, used 141903K [0x0000000700000000, 0x0000000800000000)
  region size 2048K, 13 young (26624K), 3 survivors (6144K)
 Metaspace       used 13019K, committed 13184K, reserved 1064960K
  class space    used 1125K, committed 1152K, reserved 1048576K
GC Heap History (20 events):
Event: 2.826 GC heap before
{Heap before GC invocations=2 (full 0):
 garbage-first heap   total 63488K, used 20673K [0x0000000700000000, 0x0000000800000000)
  region size 2048K, 6 young (12288K), 1 survivors (2048K)
 Metaspace       used 9615K, committed 9792K, reserved 1064960K
  class space    used 773K, committed 832K, reserved 1048576K
}
Event: 2.837 GC heap after
{Heap after GC invocations=3 (full 0):
 garbage-first heap   total 63488K, used 14840K [0x0000000700000000, 0x0000000800000000)
  region size 2048K, 1 young (2048K), 1 survivors (2048K)
 Metaspace       used 9615K, committed 9792K, reserved 1064960K
  class space    used 773K, committed 832K, reserved 1048576K
}
Event: 2.967 GC heap before
{Heap before GC invocations=3 (full 0):
 garbage-first heap   total 63488K, used 27128K [0x0000000700000000, 0x0000000800000000)
  region size 2048K, 8 young (16384K), 1 survivors (2048K)
 Metaspace       used 9803K, committed 9920K, reserved 1064960K
  class space    used 794K, committed 832K, reserved 1048576K
}
Event: 2.973 GC heap after
{Heap after GC invocations=4 (full 0):
 garbage-first heap   total 63488K, used 17363K [0x0000000700000000, 0x0000000800000000)
  region size 2048K, 1 young (2048K), 1 survivors (2048K)
 Metaspace       used 9803K, committed 9920K, reserved 1064960K
  class space    used 794K, committed 832K, reserved 1048576K
}
Event: 3.111 GC heap before
{Heap before GC invocations=4 (full 0):
 garbage-first heap   total 63488K, used 35795K [0x0000000700000000, 0x0000000800000000)
  region size 2048K, 11 young (22528K), 1 survivors (2048K)
 Metaspace       used 10220K, committed 10304K, reserved 1064960K
  class space    used 843K, committed 896K, reserved 1048576K
}
Event: 3.129 GC heap after
{Heap after GC invocations=5 (full 0):
 garbage-first heap   total 126976K, used 26117K [0x0000000700000000, 0x0000000800000000)
  region size 2048K, 2 young (4096K), 2 survivors (4096K)
 Metaspace       used 10220K, committed 10304K, reserved 1064960K
  class space    used 843K, committed 896K, reserved 1048576K
}
Event: 4.468 GC heap before
{Heap before GC invocations=5 (full 0):
 garbage-first heap   total 126976K, used 58885K [0x0000000700000000, 0x0000000800000000)
  region size 2048K, 19 young (38912K), 2 survivors (4096K)
 Metaspace       used 10546K, committed 10688K, reserved 1064960K
  class space    used 883K, committed 960K, reserved 1048576K
}
Event: 4.496 GC heap after
{Heap after GC invocations=6 (full 0):
 garbage-first heap   total 126976K, used 35169K [0x0000000700000000, 0x0000000800000000)
  region size 2048K, 3 young (6144K), 3 survivors (6144K)
 Metaspace       used 10546K, committed 10688K, reserved 1064960K
  class space    used 883K, committed 960K, reserved 1048576K
}
Event: 5.186 GC heap before
{Heap before GC invocations=6 (full 0):
 garbage-first heap   total 126976K, used 67937K [0x0000000700000000, 0x0000000800000000)
  region size 2048K, 20 young (40960K), 3 survivors (6144K)
 Metaspace       used 11095K, committed 11264K, reserved 1064960K
  class space    used 936K, committed 1024K, reserved 1048576K
}
Event: 5.212 GC heap after
{Heap after GC invocations=7 (full 0):
 garbage-first heap   total 126976K, used 48109K [0x0000000700000000, 0x0000000800000000)
  region size 2048K, 3 young (6144K), 3 survivors (6144K)
 Metaspace       used 11095K, committed 11264K, reserved 1064960K
  class space    used 936K, committed 1024K, reserved 1048576K
}
Event: 5.523 GC heap before
{Heap before GC invocations=7 (full 0):
 garbage-first heap   total 126976K, used 76781K [0x0000000700000000, 0x0000000800000000)
  region size 2048K, 18 young (36864K), 3 survivors (6144K)
 Metaspace       used 11100K, committed 11264K, reserved 1064960K
  class space    used 938K, committed 1024K, reserved 1048576K
}
Event: 5.544 GC heap after
{Heap after GC invocations=8 (full 0):
 garbage-first heap   total 126976K, used 60284K [0x0000000700000000, 0x0000000800000000)
  region size 2048K, 3 young (6144K), 3 survivors (6144K)
 Metaspace       used 11100K, committed 11264K, reserved 1064960K
  class space    used 938K, committed 1024K, reserved 1048576K
}
Event: 5.985 GC heap before
{Heap before GC invocations=8 (full 0):
 garbage-first heap   total 126976K, used 80764K [0x0000000700000000, 0x0000000800000000)
  region size 2048K, 14 young (28672K), 3 survivors (6144K)
 Metaspace       used 11100K, committed 11264K, reserved 1064960K
  class space    used 938K, committed 1024K, reserved 1048576K
}
Event: 6.001 GC heap after
{Heap after GC invocations=9 (full 0):
 garbage-first heap   total 208896K, used 68848K [0x0000000700000000, 0x0000000800000000)
  region size 2048K, 2 young (4096K), 2 survivors (4096K)
 Metaspace       used 11100K, committed 11264K, reserved 1064960K
  class space    used 938K, committed 1024K, reserved 1048576K
}
Event: 6.865 GC heap before
{Heap before GC invocations=9 (full 0):
 garbage-first heap   total 208896K, used 126192K [0x0000000700000000, 0x0000000800000000)
  region size 2048K, 31 young (63488K), 2 survivors (4096K)
 Metaspace       used 11994K, committed 12160K, reserved 1064960K
  class space    used 1029K, committed 1088K, reserved 1048576K
}
Event: 6.914 GC heap after
{Heap after GC invocations=10 (full 0):
 garbage-first heap   total 208896K, used 93197K [0x0000000700000000, 0x0000000800000000)
  region size 2048K, 4 young (8192K), 4 survivors (8192K)
 Metaspace       used 11994K, committed 12160K, reserved 1064960K
  class space    used 1029K, committed 1088K, reserved 1048576K
}
Event: 7.124 GC heap before
{Heap before GC invocations=10 (full 0):
 garbage-first heap   total 208896K, used 134157K [0x0000000700000000, 0x0000000800000000)
  region size 2048K, 25 young (51200K), 4 survivors (8192K)
 Metaspace       used 12882K, committed 13056K, reserved 1064960K
  class space    used 1111K, committed 1152K, reserved 1048576K
}
Event: 7.158 GC heap after
{Heap after GC invocations=11 (full 0):
 garbage-first heap   total 208896K, used 114688K [0x0000000700000000, 0x0000000800000000)
  region size 2048K, 4 young (8192K), 4 survivors (8192K)
 Metaspace       used 12882K, committed 13056K, reserved 1064960K
  class space    used 1111K, committed 1152K, reserved 1048576K
}
Event: 7.584 GC heap before
{Heap before GC invocations=11 (full 0):
 garbage-first heap   total 208896K, used 143360K [0x0000000700000000, 0x0000000800000000)
  region size 2048K, 19 young (38912K), 4 survivors (8192K)
 Metaspace       used 13018K, committed 13184K, reserved 1064960K
  class space    used 1125K, committed 1152K, reserved 1048576K
}
Event: 7.602 GC heap after
{Heap after GC invocations=12 (full 0):
 garbage-first heap   total 208896K, used 125519K [0x0000000700000000, 0x0000000800000000)
  region size 2048K, 3 young (6144K), 3 survivors (6144K)
 Metaspace       used 13018K, committed 13184K, reserved 1064960K
  class space    used 1125K, committed 1152K, reserved 1048576K
}

