# JRE version: OpenJDK Runtime Environment Temurin-17.0.2+8 (17.0.2+8) (build 17.0.2+8)
# Java VM: OpenJDK 64-Bit Server VM Temurin-17.0.2+8 (17.0.2+8, mixed mode, tiered, compressed oops, compressed class ptrs, g1 gc, windows-amd64)
GC Precious Log:
 CPUs: 4 total, 4 available
 Memory: 3914M
 Large Page Support: Disabled
 NUMA Support: Disabled
 Compressed Oops: Enabled (Zero based)
 Heap Region Size: 2M
 Heap Min Capacity: 8M
 Heap Initial Capacity: 62M
 Heap Max Capacity: 4G
 Pre-touch: Disabled
 Parallel Workers: 4
 Concurrent Workers: 1
 Concurrent Refinement Workers: 4
 Periodic GC: Disabled
Heap:
 garbage-first heap   total 202752K, used 128024K [0x0000000700000000, 0x0000000800000000)
  region size 2048K, 1 young (2048K), 1 survivors (2048K)
 Metaspace       used 12982K, committed 13120K, reserved 1064960K
  class space    used 1125K, committed 1152K, reserved 1048576K
GC Heap History (20 events):
Event: 4.261 GC heap after
{Heap after GC invocations=8 (full 0):
 garbage-first heap   total 116736K, used 32481K [0x0000000700000000, 0x0000000800000000)
  region size 2048K, 2 young (4096K), 2 survivors (4096K)
 Metaspace       used 10978K, committed 11072K, reserved 1064960K
  class space    used 925K, committed 960K, reserved 1048576K
}
Event: 4.931 GC heap before
{Heap before GC invocations=8 (full 0):
 garbage-first heap   total 116736K, used 67297K [0x0000000700000000, 0x0000000800000000)
  region size 2048K, 20 young (40960K), 2 survivors (4096K)
 Metaspace       used 11093K, committed 11264K, reserved 1064960K
  class space    used 938K, committed 1024K, reserved 1048576K
}
Event: 4.950 GC heap after
{Heap after GC invocations=9 (full 0):
 garbage-first heap   total 116736K, used 41822K [0x0000000700000000, 0x0000000800000000)
  region size 2048K, 3 young (6144K), 3 survivors (6144K)
 Metaspace       used 11093K, committed 11264K, reserved 1064960K
  class space    used 938K, committed 1024K, reserved 1048576K
}
Event: 5.265 GC heap before
{Heap before GC invocations=9 (full 0):
 garbage-first heap   total 116736K, used 70494K [0x0000000700000000, 0x0000000800000000)
  region size 2048K, 18 young (36864K), 3 survivors (6144K)
 Metaspace       used 11093K, committed 11264K, reserved 1064960K
  class space    used 938K, committed 1024K, reserved 1048576K
}
Event: 5.291 GC heap after
{Heap after GC invocations=10 (full 0):
 garbage-first heap   total 116736K, used 53766K [0x0000000700000000, 0x0000000800000000)
  region size 2048K, 3 young (6144K), 3 survivors (6144K)
 Metaspace       used 11093K, committed 11264K, reserved 1064960K
  class space    used 938K, committed 1024K, reserved 1048576K
}
Event: 5.665 GC heap before
{Heap before GC invocations=10 (full 0):
 garbage-first heap   total 116736K, used 72198K [0x0000000700000000, 0x0000000800000000)
  region size 2048K, 13 young (26624K), 3 survivors (6144K)
 Metaspace       used 11114K, committed 11264K, reserved 1064960K
  class space    used 940K, committed 1024K, reserved 1048576K
}
Event: 5.676 GC heap after
{Heap after GC invocations=11 (full 0):
 garbage-first heap   total 116736K, used 61440K [0x0000000700000000, 0x0000000800000000)
  region size 2048K, 2 young (4096K), 2 survivors (4096K)
 Metaspace       used 11114K, committed 11264K, reserved 1064960K
  class space    used 940K, committed 1024K, reserved 1048576K
}
Event: 5.715 GC heap before
{Heap before GC invocations=11 (full 0):
 garbage-first heap   total 116736K, used 77824K [0x0000000700000000, 0x0000000800000000)
  region size 2048K, 11 young (22528K), 2 survivors (4096K)
 Metaspace       used 11121K, committed 11264K, reserved 1064960K
  class space    used 942K, committed 1024K, reserved 1048576K
}
Event: 5.730 GC heap after
{Heap after GC invocations=12 (full 0):
 garbage-first heap   total 194560K, used 70613K [0x0000000700000000, 0x0000000800000000)
  region size 2048K, 2 young (4096K), 2 survivors (4096K)
 Metaspace       used 11121K, committed 11264K, reserved 1064960K
  class space    used 942K, committed 1024K, reserved 1048576K
}
Event: 6.638 GC heap before
{Heap before GC invocations=13 (full 0):
 garbage-first heap   total 194560K, used 115669K [0x0000000700000000, 0x0000000800000000)
  region size 2048K, 25 young (51200K), 2 survivors (4096K)
 Metaspace       used 12319K, committed 12480K, reserved 1064960K
  class space    used 1058K, committed 1088K, reserved 1048576K
}
Event: 6.670 GC heap after
{Heap after GC invocations=14 (full 0):
 garbage-first heap   total 194560K, used 88328K [0x0000000700000000, 0x0000000800000000)
  region size 2048K, 4 young (8192K), 4 survivors (8192K)
 Metaspace       used 12319K, committed 12480K, reserved 1064960K
  class space    used 1058K, committed 1088K, reserved 1048576K
}
Event: 6.674 GC heap before
{Heap before GC invocations=14 (full 0):
 garbage-first heap   total 194560K, used 90376K [0x0000000700000000, 0x0000000800000000)
  region size 2048K, 5 young (10240K), 4 survivors (8192K)
 Metaspace       used 12356K, committed 12480K, reserved 1064960K
  class space    used 1058K, committed 1088K, reserved 1048576K
}
Event: 6.687 GC heap after
{Heap after GC invocations=15 (full 0):
 garbage-first heap   total 194560K, used 89277K [0x0000000700000000, 0x0000000800000000)
  region size 2048K, 1 young (2048K), 1 survivors (2048K)
 Metaspace       used 12356K, committed 12480K, reserved 1064960K
  class space    used 1058K, committed 1088K, reserved 1048576K
}
Event: 6.894 GC heap before
{Heap before GC invocations=15 (full 0):
 garbage-first heap   total 194560K, used 126141K [0x0000000700000000, 0x0000000800000000)
  region size 2048K, 20 young (40960K), 1 survivors (2048K)
 Metaspace       used 12949K, committed 13120K, reserved 1064960K
  class space    used 1123K, committed 1152K, reserved 1048576K
}
Event: 6.910 GC heap after
{Heap after GC invocations=16 (full 0):
 garbage-first heap   total 194560K, used 105275K [0x0000000700000000, 0x0000000800000000)
  region size 2048K, 3 young (6144K), 3 survivors (6144K)
 Metaspace       used 12949K, committed 13120K, reserved 1064960K
  class space    used 1123K, committed 1152K, reserved 1048576K
}
Event: 7.294 GC heap before
{Heap before GC invocations=16 (full 0):
 garbage-first heap   total 194560K, used 133947K [0x0000000700000000, 0x0000000800000000)
  region size 2048K, 18 young (36864K), 3 survivors (6144K)
 Metaspace       used 12982K, committed 13120K, reserved 1064960K
  class space    used 1125K, committed 1152K, reserved 1048576K
}
Event: 7.313 GC heap after
{Heap after GC invocations=17 (full 0):
 garbage-first heap   total 194560K, used 118190K [0x0000000700000000, 0x0000000800000000)
  region size 2048K, 3 young (6144K), 3 survivors (6144K)
 Metaspace       used 12982K, committed 13120K, reserved 1064960K
  class space    used 1125K, committed 1152K, reserved 1048576K
}
Event: 7.511 GC heap before
{Heap before GC invocations=18 (full 0):
 garbage-first heap   total 202752K, used 138670K [0x0000000700000000, 0x0000000800000000)
  region size 2048K, 14 young (28672K), 3 survivors (6144K)
 Metaspace       used 12982K, committed 13120K, reserved 1064960K
  class space    used 1125K, committed 1152K, reserved 1048576K
}
Event: 7.526 GC heap after
{Heap after GC invocations=19 (full 0):
 garbage-first heap   total 202752K, used 127951K [0x0000000700000000, 0x0000000800000000)
  region size 2048K, 2 young (4096K), 2 survivors (4096K)
 Metaspace       used 12982K, committed 13120K, reserved 1064960K
  class space    used 1125K, committed 1152K, reserved 1048576K
}
Event: 7.528 GC heap before
{Heap before GC invocations=19 (full 0):
 garbage-first heap   total 202752K, used 129999K [0x0000000700000000, 0x0000000800000000)
  region size 2048K, 4 young (8192K), 2 survivors (4096K)
 Metaspace       used 12982K, committed 13120K, reserved 1064960K
  class space    used 1125K, committed 1152K, reserved 1048576K
}

